# JRE version: Java(TM) SE Runtime Environment (15.0.1+9) (build 15.0.1+9-18)
# Java VM: Java HotSpot(TM) 64-Bit Server VM (15.0.1+9-18, mixed mode, sharing, tiered, compressed oops, g1 gc, linux-amd64)
GC Precious Log:
 CPUs: 4 total, 4 available
 Memory: 15977M
 Large Page Support: Disabled
 NUMA Support: Disabled
 Compressed Oops: Enabled (32-bit)
 Heap Region Size: 1M
 Heap Min Capacity: 8M
 Heap Initial Capacity: 250M
 Heap Max Capacity: 1G
 Pre-touch: Disabled
 Parallel Workers: 4
 Concurrent Workers: 1
 Concurrent Refinement Workers: 4
 Periodic GC: Disabled
Heap:
 garbage-first heap   total 607232K, used 400894K [0x00000000c0000000, 0x0000000100000000)
  region size 1024K, 115 young (117760K), 17 survivors (17408K)
 Metaspace       used 10689K, capacity 12269K, committed 12544K, reserved 1060864K
  class space    used 1540K, capacity 1758K, committed 1792K, reserved 1048576K
GC Heap History (20 events):
Event: 40.959 GC heap before
{Heap before GC invocations=159 (full 3):
 garbage-first heap   total 607232K, used 530854K [0x00000000c0000000, 0x0000000100000000)
  region size 1024K, 306 young (313344K), 12 survivors (12288K)
 Metaspace       used 10248K, capacity 11814K, committed 12032K, reserved 1058816K
  class space    used 1477K, capacity 1693K, committed 1792K, reserved 1048576K
}
Event: 40.979 GC heap after
{Heap after GC invocations=160 (full 3):
 garbage-first heap   total 607232K, used 231048K [0x00000000c0000000, 0x0000000100000000)
  region size 1024K, 13 young (13312K), 13 survivors (13312K)
 Metaspace       used 10248K, capacity 11814K, committed 12032K, reserved 1058816K
  class space    used 1477K, capacity 1693K, committed 1792K, reserved 1048576K
}
Event: 41.225 GC heap before
{Heap before GC invocations=160 (full 3):
 garbage-first heap   total 607232K, used 529032K [0x00000000c0000000, 0x0000000100000000)
  region size 1024K, 304 young (311296K), 13 survivors (13312K)
 Metaspace       used 10248K, capacity 11814K, committed 12032K, reserved 1058816K
  class space    used 1477K, capacity 1693K, committed 1792K, reserved 1048576K
}
Event: 41.245 GC heap after
{Heap after GC invocations=161 (full 3):
 garbage-first heap   total 607232K, used 231367K [0x00000000c0000000, 0x0000000100000000)
  region size 1024K, 12 young (12288K), 12 survivors (12288K)
 Metaspace       used 10248K, capacity 11814K, committed 12032K, reserved 1058816K
  class space    used 1477K, capacity 1693K, committed 1792K, reserved 1048576K
}
Event: 41.485 GC heap before
{Heap before GC invocations=161 (full 3):
 garbage-first heap   total 607232K, used 530375K [0x00000000c0000000, 0x0000000100000000)
  region size 1024K, 304 young (311296K), 12 survivors (12288K)
 Metaspace       used 10248K, capacity 11814K, committed 12032K, reserved 1058816K
  class space    used 1477K, capacity 1693K, committed 1792K, reserved 1048576K
}
Event: 41.504 GC heap after
{Heap after GC invocations=162 (full 3):
 garbage-first heap   total 607232K, used 232377K [0x00000000c0000000, 0x0000000100000000)
  region size 1024K, 12 young (12288K), 12 survivors (12288K)
 Metaspace       used 10248K, capacity 11814K, committed 12032K, reserved 1058816K
  class space    used 1477K, capacity 1693K, committed 1792K, reserved 1048576K
}
Event: 41.864 GC heap before
{Heap before GC invocations=162 (full 3):
 garbage-first heap   total 607232K, used 530361K [0x00000000c0000000, 0x0000000100000000)
  region size 1024K, 303 young (310272K), 12 survivors (12288K)
 Metaspace       used 10312K, capacity 11879K, committed 12032K, reserved 1058816K
  class space    used 1483K, capacity 1693K, committed 1792K, reserved 1048576K
}
Event: 41.908 GC heap after
{Heap after GC invocations=163 (full 3):
 garbage-first heap   total 607232K, used 265233K [0x00000000c0000000, 0x0000000100000000)
  region size 1024K, 38 young (38912K), 38 survivors (38912K)
 Metaspace       used 10312K, capacity 11879K, committed 12032K, reserved 1058816K
  class space    used 1483K, capacity 1693K, committed 1792K, reserved 1048576K
}
Event: 42.116 GC heap before
{Heap before GC invocations=163 (full 3):
 garbage-first heap   total 607232K, used 503825K [0x00000000c0000000, 0x0000000100000000)
  region size 1024K, 271 young (277504K), 38 survivors (38912K)
 Metaspace       used 10403K, capacity 11975K, committed 12288K, reserved 1060864K
  class space    used 1518K, capacity 1725K, committed 1792K, reserved 1048576K
}
Event: 42.162 GC heap after
{Heap after GC invocations=164 (full 3):
 garbage-first heap   total 607232K, used 288402K [0x00000000c0000000, 0x0000000100000000)
  region size 1024K, 26 young (26624K), 26 survivors (26624K)
 Metaspace       used 10403K, capacity 11975K, committed 12288K, reserved 1060864K
  class space    used 1518K, capacity 1725K, committed 1792K, reserved 1048576K
}
Event: 42.197 GC heap before
{Heap before GC invocations=164 (full 3):
 garbage-first heap   total 607232K, used 301714K [0x00000000c0000000, 0x0000000100000000)
  region size 1024K, 40 young (40960K), 26 survivors (26624K)
 Metaspace       used 10403K, capacity 11975K, committed 12288K, reserved 1060864K
  class space    used 1518K, capacity 1725K, committed 1792K, reserved 1048576K
}
Event: 42.415 GC heap after
{Heap after GC invocations=165 (full 4):
 garbage-first heap   total 607232K, used 186878K [0x00000000c0000000, 0x0000000100000000)
  region size 1024K, 0 young (0K), 0 survivors (0K)
 Metaspace       used 10403K, capacity 11975K, committed 12288K, reserved 1060864K
  class space    used 1518K, capacity 1725K, committed 1792K, reserved 1048576K
}
Event: 47.800 GC heap before
{Heap before GC invocations=165 (full 4):
 garbage-first heap   total 607232K, used 499198K [0x00000000c0000000, 0x0000000100000000)
  region size 1024K, 291 young (297984K), 0 survivors (0K)
 Metaspace       used 10689K, capacity 12269K, committed 12544K, reserved 1060864K
  class space    used 1540K, capacity 1758K, committed 1792K, reserved 1048576K
}
Event: 47.846 GC heap after
{Heap after GC invocations=166 (full 4):
 garbage-first heap   total 607232K, used 238590K [0x00000000c0000000, 0x0000000100000000)
  region size 1024K, 37 young (37888K), 37 survivors (37888K)
 Metaspace       used 10689K, capacity 12269K, committed 12544K, reserved 1060864K
  class space    used 1540K, capacity 1758K, committed 1792K, reserved 1048576K
}
Event: 540.940 GC heap before
{Heap before GC invocations=166 (full 4):
 garbage-first heap   total 607232K, used 478206K [0x00000000c0000000, 0x0000000100000000)
  region size 1024K, 268 young (274432K), 37 survivors (37888K)
 Metaspace       used 10689K, capacity 12269K, committed 12544K, reserved 1060864K
  class space    used 1540K, capacity 1758K, committed 1792K, reserved 1048576K
}
Event: 541.051 GC heap after
{Heap after GC invocations=167 (full 4):
 garbage-first heap   total 607232K, used 283481K [0x00000000c0000000, 0x0000000100000000)
  region size 1024K, 34 young (34816K), 34 survivors (34816K)
 Metaspace       used 10689K, capacity 12269K, committed 12544K, reserved 1060864K
  class space    used 1540K, capacity 1758K, committed 1792K, reserved 1048576K
}
Event: 541.340 GC heap before
{Heap before GC invocations=167 (full 4):
 garbage-first heap   total 607232K, used 456537K [0x00000000c0000000, 0x0000000100000000)
  region size 1024K, 203 young (207872K), 34 survivors (34816K)
 Metaspace       used 10689K, capacity 12269K, committed 12544K, reserved 1060864K
  class space    used 1540K, capacity 1758K, committed 1792K, reserved 1048576K
}
Event: 541.387 GC heap after
{Heap after GC invocations=168 (full 4):
 garbage-first heap   total 607232K, used 293886K [0x00000000c0000000, 0x0000000100000000)
  region size 1024K, 9 young (9216K), 9 survivors (9216K)
 Metaspace       used 10689K, capacity 12269K, committed 12544K, reserved 1060864K
  class space    used 1540K, capacity 1758K, committed 1792K, reserved 1048576K
}
Event: 541.679 GC heap before
{Heap before GC invocations=168 (full 4):
 garbage-first heap   total 607232K, used 471038K [0x00000000c0000000, 0x0000000100000000)
  region size 1024K, 182 young (186368K), 9 survivors (9216K)
 Metaspace       used 10689K, capacity 12269K, committed 12544K, reserved 1060864K
  class space    used 1540K, capacity 1758K, committed 1792K, reserved 1048576K
}
Event: 541.716 GC heap after
{Heap after GC invocations=169 (full 4):
 garbage-first heap   total 607232K, used 301566K [0x00000000c0000000, 0x0000000100000000)
  region size 1024K, 17 young (17408K), 17 survivors (17408K)
 Metaspace       used 10689K, capacity 12269K, committed 12544K, reserved 1060864K
  class space    used 1540K, capacity 1758K, committed 1792K, reserved 1048576K
}

